
> prelux-backend@1.0.0 dev
> nodemon src/server.js

[33m[nodemon] 3.1.11[39m
[33m[nodemon] to restart at any time, enter `rs`[39m
[33m[nodemon] watching path(s): *.*[39m
[33m[nodemon] watching extensions: js,mjs,cjs,json[39m
[32m[nodemon] starting `node src/server.js`[39m
PRELUX API running on port 5001
MongoDB Connected: ac-jqr0enb-shard-00-00.lapvnow.mongodb.net
[0mGET /health [32m200[0m 4.854 ms - 53[0m
[0mGET /api/content/home.hero [32m200[0m 81.310 ms - 161[0m
[0mGET /api/content/home.limitedDrops [32m200[0m 62.377 ms - 37[0m
[0mGET /api/content/home.blog [32m200[0m 58.130 ms - 29[0m
[0mGET /api/blog [0m-[0m - ms - -[0m
[0mGET /api/products?limitedEdition=true [0m-[0m - ms - -[0m
[0mGET /api/content/home.hero [32m200[0m 47.889 ms - 161[0m
[0mGET /api/content/home.blog [32m200[0m 44.549 ms - 29[0m
[0mGET /api/content/home.limitedDrops [32m200[0m 52.305 ms - 37[0m
[0mGET /api/blog [32m200[0m 57.863 ms - 441[0m
[0mGET /api/products?limitedEdition=true [32m200[0m 52.854 ms - -[0m
[0mGET /api/content/home.limitedDrops [36m304[0m 45.597 ms - -[0m
[0mGET /api/content/home.hero [36m304[0m 57.167 ms - -[0m
[0mGET /api/content/home.blog [36m304[0m 56.799 ms - -[0m
[0mGET /api/products?limitedEdition=true [36m304[0m 61.660 ms - -[0m
[0mGET /api/blog [36m304[0m 59.997 ms - -[0m
[0mGET /api/content/home.limitedDrops [36m304[0m 44.538 ms - -[0m
[0mGET /api/content/home.hero [36m304[0m 56.052 ms - -[0m
[0mGET /api/content/home.blog [36m304[0m 48.361 ms - -[0m
[0mGET /api/blog [36m304[0m 48.155 ms - -[0m
[0mGET /api/products?limitedEdition=true [36m304[0m 57.847 ms - -[0m
[0mGET /api/content/home.limitedDrops [36m304[0m 45.788 ms - -[0m
[0mGET /api/content/home.hero [36m304[0m 51.058 ms - -[0m
[0mGET /api/content/home.blog [36m304[0m 48.603 ms - -[0m
[0mGET /api/products?limitedEdition=true [36m304[0m 53.680 ms - -[0m
[0mGET /api/blog [36m304[0m 51.557 ms - -[0m
